{"C:\\Users\\KRIKKER\\Downloads\\js-advanced-diploma\\src\\js\\Character.js": {"path":"C:\\Users\\KRIKKER\\Downloads\\js-advanced-diploma\\src\\js\\Character.js","statementMap":{"0":{"start":{"line":17,"column":4},"end":{"line":19,"column":5}},"1":{"start":{"line":18,"column":6},"end":{"line":18,"column":78}},"2":{"start":{"line":20,"column":4},"end":{"line":20,"column":23}},"3":{"start":{"line":21,"column":4},"end":{"line":21,"column":20}},"4":{"start":{"line":22,"column":4},"end":{"line":22,"column":21}},"5":{"start":{"line":23,"column":4},"end":{"line":23,"column":21}},"6":{"start":{"line":24,"column":4},"end":{"line":24,"column":21}}},"fnMap":{"0":{"name":"(anonymous_0)","decl":{"start":{"line":16,"column":2},"end":{"line":16,"column":3}},"loc":{"start":{"line":16,"column":39},"end":{"line":25,"column":3}},"line":16}},"branchMap":{"0":{"loc":{"start":{"line":16,"column":21},"end":{"line":16,"column":37}},"type":"default-arg","locations":[{"start":{"line":16,"column":28},"end":{"line":16,"column":37}}],"line":16},"1":{"loc":{"start":{"line":17,"column":4},"end":{"line":19,"column":5}},"type":"if","locations":[{"start":{"line":17,"column":4},"end":{"line":19,"column":5}},{"start":{},"end":{}}],"line":17}},"s":{"0":2,"1":0,"2":2,"3":2,"4":2,"5":2,"6":2},"f":{"0":2},"b":{"0":[0],"1":[0,2]},"_coverageSchema":"1a1c01bbd47fc00a2c39e90264f33305004495a9","hash":"bf2d46116b790771010a4d95bf84e2e5c23eb7e5"}
,"C:\\Users\\KRIKKER\\Downloads\\js-advanced-diploma\\src\\js\\GameController.js": {"path":"C:\\Users\\KRIKKER\\Downloads\\js-advanced-diploma\\src\\js\\GameController.js","statementMap":{"0":{"start":{"line":16,"column":4},"end":{"line":16,"column":29}},"1":{"start":{"line":17,"column":4},"end":{"line":17,"column":37}},"2":{"start":{"line":18,"column":4},"end":{"line":18,"column":35}},"3":{"start":{"line":19,"column":4},"end":{"line":19,"column":37}},"4":{"start":{"line":20,"column":4},"end":{"line":20,"column":61}},"5":{"start":{"line":21,"column":4},"end":{"line":21,"column":57}},"6":{"start":{"line":25,"column":4},"end":{"line":25,"column":55}},"7":{"start":{"line":27,"column":22},"end":{"line":27,"column":51}},"8":{"start":{"line":28,"column":22},"end":{"line":28,"column":47}},"9":{"start":{"line":29,"column":26},"end":{"line":31,"column":32}},"10":{"start":{"line":33,"column":21},"end":{"line":33,"column":81}},"11":{"start":{"line":34,"column":4},"end":{"line":38,"column":5}},"12":{"start":{"line":35,"column":6},"end":{"line":37,"column":7}},"13":{"start":{"line":36,"column":8},"end":{"line":36,"column":49}},"14":{"start":{"line":39,"column":21},"end":{"line":39,"column":92}},"15":{"start":{"line":41,"column":20},"end":{"line":41,"column":22}},"16":{"start":{"line":42,"column":20},"end":{"line":42,"column":22}},"17":{"start":{"line":44,"column":4},"end":{"line":47,"column":5}},"18":{"start":{"line":44,"column":19},"end":{"line":44,"column":20}},"19":{"start":{"line":45,"column":6},"end":{"line":45,"column":39}},"20":{"start":{"line":46,"column":6},"end":{"line":46,"column":43}},"21":{"start":{"line":49,"column":20},"end":{"line":49,"column":67}},"22":{"start":{"line":49,"column":27},"end":{"line":49,"column":67}},"23":{"start":{"line":49,"column":47},"end":{"line":49,"column":66}},"24":{"start":{"line":50,"column":26},"end":{"line":50,"column":77}},"25":{"start":{"line":51,"column":26},"end":{"line":51,"column":77}},"26":{"start":{"line":52,"column":28},"end":{"line":54,"column":5}},"27":{"start":{"line":53,"column":6},"end":{"line":53,"column":53}},"28":{"start":{"line":55,"column":28},"end":{"line":57,"column":5}},"29":{"start":{"line":56,"column":6},"end":{"line":56,"column":53}},"30":{"start":{"line":58,"column":4},"end":{"line":58,"column":73}},"31":{"start":{"line":59,"column":4},"end":{"line":59,"column":61}},"32":{"start":{"line":60,"column":4},"end":{"line":60,"column":37}},"33":{"start":{"line":62,"column":4},"end":{"line":62,"column":68}},"34":{"start":{"line":63,"column":4},"end":{"line":63,"column":68}},"35":{"start":{"line":64,"column":4},"end":{"line":64,"column":68}},"36":{"start":{"line":65,"column":4},"end":{"line":65,"column":69}},"37":{"start":{"line":66,"column":4},"end":{"line":66,"column":71}},"38":{"start":{"line":67,"column":4},"end":{"line":67,"column":71}},"39":{"start":{"line":71,"column":4},"end":{"line":71,"column":59}},"40":{"start":{"line":75,"column":4},"end":{"line":82,"column":8}},"41":{"start":{"line":75,"column":69},"end":{"line":82,"column":5}},"42":{"start":{"line":86,"column":4},"end":{"line":86,"column":43}},"43":{"start":{"line":90,"column":4},"end":{"line":90,"column":73}},"44":{"start":{"line":91,"column":4},"end":{"line":125,"column":5}},"45":{"start":{"line":92,"column":6},"end":{"line":92,"column":48}},"46":{"start":{"line":93,"column":6},"end":{"line":109,"column":9}},"47":{"start":{"line":95,"column":8},"end":{"line":102,"column":9}},"48":{"start":{"line":96,"column":25},"end":{"line":96,"column":49}},"49":{"start":{"line":96,"column":50},"end":{"line":96,"column":56}},"50":{"start":{"line":97,"column":28},"end":{"line":97,"column":55}},"51":{"start":{"line":97,"column":56},"end":{"line":97,"column":62}},"52":{"start":{"line":98,"column":27},"end":{"line":98,"column":53}},"53":{"start":{"line":98,"column":54},"end":{"line":98,"column":60}},"54":{"start":{"line":99,"column":26},"end":{"line":99,"column":51}},"55":{"start":{"line":99,"column":52},"end":{"line":99,"column":58}},"56":{"start":{"line":100,"column":25},"end":{"line":100,"column":49}},"57":{"start":{"line":100,"column":50},"end":{"line":100,"column":56}},"58":{"start":{"line":101,"column":25},"end":{"line":101,"column":49}},"59":{"start":{"line":101,"column":50},"end":{"line":101,"column":56}},"60":{"start":{"line":103,"column":26},"end":{"line":103,"column":56}},"61":{"start":{"line":104,"column":8},"end":{"line":104,"column":39}},"62":{"start":{"line":105,"column":8},"end":{"line":105,"column":39}},"63":{"start":{"line":106,"column":8},"end":{"line":106,"column":41}},"64":{"start":{"line":108,"column":8},"end":{"line":108,"column":65}},"65":{"start":{"line":111,"column":6},"end":{"line":111,"column":57}},"66":{"start":{"line":112,"column":6},"end":{"line":112,"column":63}},"67":{"start":{"line":114,"column":6},"end":{"line":122,"column":7}},"68":{"start":{"line":115,"column":8},"end":{"line":115,"column":75}},"69":{"start":{"line":116,"column":25},"end":{"line":118,"column":9}},"70":{"start":{"line":117,"column":15},"end":{"line":117,"column":70}},"71":{"start":{"line":119,"column":8},"end":{"line":121,"column":9}},"72":{"start":{"line":120,"column":10},"end":{"line":120,"column":64}},"73":{"start":{"line":124,"column":6},"end":{"line":124,"column":55}},"74":{"start":{"line":129,"column":4},"end":{"line":129,"column":29}},"75":{"start":{"line":130,"column":4},"end":{"line":130,"column":35}},"76":{"start":{"line":131,"column":4},"end":{"line":131,"column":16}},"77":{"start":{"line":135,"column":4},"end":{"line":137,"column":5}},"78":{"start":{"line":136,"column":6},"end":{"line":136,"column":13}},"79":{"start":{"line":138,"column":21},"end":{"line":140,"column":5}},"80":{"start":{"line":139,"column":14},"end":{"line":139,"column":89}},"81":{"start":{"line":142,"column":4},"end":{"line":152,"column":5}},"82":{"start":{"line":143,"column":6},"end":{"line":147,"column":7}},"83":{"start":{"line":144,"column":8},"end":{"line":144,"column":77}},"84":{"start":{"line":145,"column":8},"end":{"line":145,"column":48}},"85":{"start":{"line":146,"column":8},"end":{"line":146,"column":56}},"86":{"start":{"line":148,"column":6},"end":{"line":148,"column":38}},"87":{"start":{"line":149,"column":6},"end":{"line":149,"column":60}},"88":{"start":{"line":150,"column":6},"end":{"line":150,"column":67}},"89":{"start":{"line":151,"column":6},"end":{"line":151,"column":13}},"90":{"start":{"line":154,"column":4},"end":{"line":157,"column":5}},"91":{"start":{"line":155,"column":6},"end":{"line":155,"column":80}},"92":{"start":{"line":156,"column":6},"end":{"line":156,"column":13}},"93":{"start":{"line":159,"column":21},"end":{"line":159,"column":94}},"94":{"start":{"line":160,"column":27},"end":{"line":160,"column":102}},"95":{"start":{"line":161,"column":22},"end":{"line":161,"column":79}},"96":{"start":{"line":162,"column":24},"end":{"line":162,"column":82}},"97":{"start":{"line":163,"column":25},"end":{"line":165,"column":5}},"98":{"start":{"line":164,"column":14},"end":{"line":164,"column":89}},"99":{"start":{"line":167,"column":4},"end":{"line":180,"column":5}},"100":{"start":{"line":168,"column":6},"end":{"line":168,"column":75}},"101":{"start":{"line":169,"column":6},"end":{"line":169,"column":38}},"102":{"start":{"line":170,"column":25},"end":{"line":172,"column":7}},"103":{"start":{"line":171,"column":16},"end":{"line":171,"column":129}},"104":{"start":{"line":173,"column":6},"end":{"line":173,"column":34}},"105":{"start":{"line":174,"column":6},"end":{"line":174,"column":55}},"106":{"start":{"line":175,"column":6},"end":{"line":175,"column":63}},"107":{"start":{"line":176,"column":6},"end":{"line":176,"column":39}},"108":{"start":{"line":177,"column":6},"end":{"line":177,"column":44}},"109":{"start":{"line":178,"column":6},"end":{"line":178,"column":26}},"110":{"start":{"line":179,"column":6},"end":{"line":179,"column":13}},"111":{"start":{"line":182,"column":4},"end":{"line":206,"column":5}},"112":{"start":{"line":183,"column":33},"end":{"line":185,"column":7}},"113":{"start":{"line":184,"column":16},"end":{"line":184,"column":74}},"114":{"start":{"line":186,"column":6},"end":{"line":186,"column":65}},"115":{"start":{"line":187,"column":25},"end":{"line":189,"column":7}},"116":{"start":{"line":188,"column":8},"end":{"line":188,"column":53}},"117":{"start":{"line":190,"column":6},"end":{"line":202,"column":7}},"118":{"start":{"line":191,"column":8},"end":{"line":191,"column":34}},"119":{"start":{"line":192,"column":8},"end":{"line":200,"column":9}},"120":{"start":{"line":193,"column":10},"end":{"line":193,"column":126}},"121":{"start":{"line":194,"column":10},"end":{"line":194,"column":129}},"122":{"start":{"line":195,"column":10},"end":{"line":195,"column":38}},"123":{"start":{"line":196,"column":10},"end":{"line":198,"column":11}},"124":{"start":{"line":197,"column":12},"end":{"line":197,"column":40}},"125":{"start":{"line":199,"column":10},"end":{"line":199,"column":36}},"126":{"start":{"line":201,"column":8},"end":{"line":201,"column":19}},"127":{"start":{"line":203,"column":6},"end":{"line":203,"column":44}},"128":{"start":{"line":204,"column":6},"end":{"line":204,"column":26}},"129":{"start":{"line":205,"column":6},"end":{"line":205,"column":13}},"130":{"start":{"line":208,"column":4},"end":{"line":208,"column":56}},"131":{"start":{"line":212,"column":21},"end":{"line":214,"column":5}},"132":{"start":{"line":213,"column":6},"end":{"line":213,"column":51}},"133":{"start":{"line":215,"column":23},"end":{"line":217,"column":5}},"134":{"start":{"line":216,"column":6},"end":{"line":216,"column":51}},"135":{"start":{"line":218,"column":4},"end":{"line":222,"column":5}},"136":{"start":{"line":219,"column":6},"end":{"line":219,"column":44}},"137":{"start":{"line":220,"column":6},"end":{"line":220,"column":39}},"138":{"start":{"line":221,"column":6},"end":{"line":221,"column":18}},"139":{"start":{"line":223,"column":4},"end":{"line":227,"column":5}},"140":{"start":{"line":224,"column":6},"end":{"line":224,"column":60}},"141":{"start":{"line":225,"column":6},"end":{"line":225,"column":39}},"142":{"start":{"line":226,"column":6},"end":{"line":226,"column":18}},"143":{"start":{"line":228,"column":4},"end":{"line":228,"column":17}},"144":{"start":{"line":232,"column":21},"end":{"line":232,"column":84}},"145":{"start":{"line":232,"column":60},"end":{"line":232,"column":83}},"146":{"start":{"line":233,"column":26},"end":{"line":235,"column":5}},"147":{"start":{"line":234,"column":14},"end":{"line":234,"column":89}},"148":{"start":{"line":237,"column":4},"end":{"line":240,"column":5}},"149":{"start":{"line":238,"column":21},"end":{"line":238,"column":39}},"150":{"start":{"line":239,"column":6},"end":{"line":239,"column":124}},"151":{"start":{"line":242,"column":4},"end":{"line":249,"column":5}},"152":{"start":{"line":243,"column":6},"end":{"line":247,"column":7}},"153":{"start":{"line":244,"column":8},"end":{"line":244,"column":49}},"154":{"start":{"line":246,"column":8},"end":{"line":246,"column":46}},"155":{"start":{"line":248,"column":6},"end":{"line":248,"column":13}},"156":{"start":{"line":251,"column":27},"end":{"line":251,"column":102}},"157":{"start":{"line":252,"column":21},"end":{"line":252,"column":94}},"158":{"start":{"line":253,"column":22},"end":{"line":253,"column":79}},"159":{"start":{"line":254,"column":24},"end":{"line":254,"column":82}},"160":{"start":{"line":256,"column":4},"end":{"line":264,"column":5}},"161":{"start":{"line":257,"column":6},"end":{"line":257,"column":47}},"162":{"start":{"line":258,"column":6},"end":{"line":258,"column":47}},"163":{"start":{"line":259,"column":11},"end":{"line":264,"column":5}},"164":{"start":{"line":260,"column":6},"end":{"line":260,"column":45}},"165":{"start":{"line":261,"column":6},"end":{"line":261,"column":49}},"166":{"start":{"line":263,"column":6},"end":{"line":263,"column":50}},"167":{"start":{"line":268,"column":4},"end":{"line":268,"column":41}},"168":{"start":{"line":269,"column":4},"end":{"line":271,"column":5}},"169":{"start":{"line":270,"column":6},"end":{"line":270,"column":40}},"170":{"start":{"line":275,"column":4},"end":{"line":275,"column":36}},"171":{"start":{"line":276,"column":21},"end":{"line":276,"column":111}},"172":{"start":{"line":276,"column":62},"end":{"line":276,"column":110}},"173":{"start":{"line":277,"column":28},"end":{"line":277,"column":118}},"174":{"start":{"line":277,"column":69},"end":{"line":277,"column":117}},"175":{"start":{"line":278,"column":20},"end":{"line":278,"column":71}},"176":{"start":{"line":278,"column":41},"end":{"line":278,"column":70}},"177":{"start":{"line":279,"column":21},"end":{"line":279,"column":91}},"178":{"start":{"line":279,"column":42},"end":{"line":279,"column":90}},"179":{"start":{"line":281,"column":21},"end":{"line":281,"column":26}},"180":{"start":{"line":283,"column":4},"end":{"line":333,"column":5}},"181":{"start":{"line":284,"column":6},"end":{"line":332,"column":7}},"182":{"start":{"line":285,"column":29},"end":{"line":285,"column":75}},"183":{"start":{"line":286,"column":8},"end":{"line":291,"column":9}},"184":{"start":{"line":287,"column":10},"end":{"line":287,"column":57}},"185":{"start":{"line":288,"column":10},"end":{"line":288,"column":38}},"186":{"start":{"line":288,"column":31},"end":{"line":288,"column":38}},"187":{"start":{"line":289,"column":10},"end":{"line":289,"column":28}},"188":{"start":{"line":290,"column":10},"end":{"line":290,"column":16}},"189":{"start":{"line":293,"column":26},"end":{"line":293,"column":67}},"190":{"start":{"line":294,"column":28},"end":{"line":294,"column":70}},"191":{"start":{"line":295,"column":23},"end":{"line":295,"column":27}},"192":{"start":{"line":297,"column":8},"end":{"line":307,"column":9}},"193":{"start":{"line":298,"column":10},"end":{"line":305,"column":11}},"194":{"start":{"line":298,"column":26},"end":{"line":298,"column":27}},"195":{"start":{"line":299,"column":30},"end":{"line":299,"column":88}},"196":{"start":{"line":300,"column":34},"end":{"line":300,"column":88}},"197":{"start":{"line":301,"column":12},"end":{"line":304,"column":13}},"198":{"start":{"line":301,"column":85},"end":{"line":301,"column":109}},"199":{"start":{"line":302,"column":14},"end":{"line":302,"column":35}},"200":{"start":{"line":303,"column":14},"end":{"line":303,"column":20}},"201":{"start":{"line":306,"column":10},"end":{"line":306,"column":39}},"202":{"start":{"line":306,"column":33},"end":{"line":306,"column":39}},"203":{"start":{"line":309,"column":8},"end":{"line":315,"column":9}},"204":{"start":{"line":310,"column":10},"end":{"line":310,"column":37}},"205":{"start":{"line":311,"column":10},"end":{"line":311,"column":67}},"206":{"start":{"line":312,"column":10},"end":{"line":312,"column":43}},"207":{"start":{"line":313,"column":10},"end":{"line":313,"column":28}},"208":{"start":{"line":314,"column":10},"end":{"line":314,"column":16}},"209":{"start":{"line":317,"column":30},"end":{"line":320,"column":14}},"210":{"start":{"line":318,"column":12},"end":{"line":319,"column":65}},"211":{"start":{"line":322,"column":8},"end":{"line":331,"column":9}},"212":{"start":{"line":323,"column":25},"end":{"line":323,"column":95}},"213":{"start":{"line":324,"column":10},"end":{"line":330,"column":11}},"214":{"start":{"line":324,"column":51},"end":{"line":324,"column":72}},"215":{"start":{"line":325,"column":12},"end":{"line":325,"column":37}},"216":{"start":{"line":326,"column":12},"end":{"line":326,"column":69}},"217":{"start":{"line":327,"column":12},"end":{"line":327,"column":45}},"218":{"start":{"line":328,"column":12},"end":{"line":328,"column":30}},"219":{"start":{"line":329,"column":12},"end":{"line":329,"column":18}},"220":{"start":{"line":335,"column":4},"end":{"line":345,"column":5}},"221":{"start":{"line":336,"column":6},"end":{"line":344,"column":7}},"222":{"start":{"line":337,"column":23},"end":{"line":337,"column":66}},"223":{"start":{"line":338,"column":8},"end":{"line":343,"column":9}},"224":{"start":{"line":339,"column":10},"end":{"line":339,"column":48}},"225":{"start":{"line":340,"column":10},"end":{"line":340,"column":38}},"226":{"start":{"line":340,"column":31},"end":{"line":340,"column":38}},"227":{"start":{"line":341,"column":10},"end":{"line":341,"column":28}},"228":{"start":{"line":342,"column":10},"end":{"line":342,"column":16}},"229":{"start":{"line":347,"column":4},"end":{"line":373,"column":5}},"230":{"start":{"line":348,"column":6},"end":{"line":372,"column":7}},"231":{"start":{"line":349,"column":26},"end":{"line":349,"column":65}},"232":{"start":{"line":350,"column":23},"end":{"line":350,"column":27}},"233":{"start":{"line":351,"column":27},"end":{"line":351,"column":35}},"234":{"start":{"line":352,"column":8},"end":{"line":363,"column":9}},"235":{"start":{"line":352,"column":21},"end":{"line":352,"column":22}},"236":{"start":{"line":353,"column":29},"end":{"line":353,"column":71}},"237":{"start":{"line":354,"column":10},"end":{"line":362,"column":11}},"238":{"start":{"line":355,"column":12},"end":{"line":361,"column":13}},"239":{"start":{"line":355,"column":53},"end":{"line":355,"column":69}},"240":{"start":{"line":356,"column":40},"end":{"line":356,"column":110}},"241":{"start":{"line":356,"column":77},"end":{"line":356,"column":108}},"242":{"start":{"line":357,"column":14},"end":{"line":360,"column":15}},"243":{"start":{"line":358,"column":16},"end":{"line":358,"column":49}},"244":{"start":{"line":359,"column":16},"end":{"line":359,"column":29}},"245":{"start":{"line":365,"column":8},"end":{"line":371,"column":9}},"246":{"start":{"line":366,"column":10},"end":{"line":366,"column":35}},"247":{"start":{"line":367,"column":10},"end":{"line":367,"column":67}},"248":{"start":{"line":368,"column":10},"end":{"line":368,"column":43}},"249":{"start":{"line":369,"column":10},"end":{"line":369,"column":28}},"250":{"start":{"line":370,"column":10},"end":{"line":370,"column":16}},"251":{"start":{"line":375,"column":4},"end":{"line":375,"column":44}},"252":{"start":{"line":379,"column":18},"end":{"line":379,"column":62}},"253":{"start":{"line":380,"column":4},"end":{"line":383,"column":66}},"254":{"start":{"line":381,"column":19},"end":{"line":381,"column":81}},"255":{"start":{"line":382,"column":6},"end":{"line":382,"column":39}},"256":{"start":{"line":383,"column":22},"end":{"line":383,"column":61}},"257":{"start":{"line":388,"column":19},"end":{"line":390,"column":5}},"258":{"start":{"line":391,"column":4},"end":{"line":401,"column":7}},"259":{"start":{"line":392,"column":6},"end":{"line":392,"column":40}},"260":{"start":{"line":393,"column":6},"end":{"line":398,"column":7}},"261":{"start":{"line":394,"column":8},"end":{"line":394,"column":77}},"262":{"start":{"line":395,"column":8},"end":{"line":395,"column":56}},"263":{"start":{"line":396,"column":8},"end":{"line":396,"column":48}},"264":{"start":{"line":397,"column":8},"end":{"line":397,"column":87}},"265":{"start":{"line":399,"column":6},"end":{"line":399,"column":63}},"266":{"start":{"line":400,"column":6},"end":{"line":400,"column":39}},"267":{"start":{"line":405,"column":22},"end":{"line":405,"column":23}},"268":{"start":{"line":406,"column":15},"end":{"line":406,"column":46}},"269":{"start":{"line":407,"column":15},"end":{"line":407,"column":34}},"270":{"start":{"line":408,"column":17},"end":{"line":408,"column":46}},"271":{"start":{"line":409,"column":17},"end":{"line":409,"column":34}},"272":{"start":{"line":411,"column":17},"end":{"line":411,"column":55}},"273":{"start":{"line":412,"column":17},"end":{"line":412,"column":55}},"274":{"start":{"line":414,"column":18},"end":{"line":414,"column":92}},"275":{"start":{"line":416,"column":19},"end":{"line":416,"column":38}},"276":{"start":{"line":417,"column":19},"end":{"line":417,"column":38}},"277":{"start":{"line":419,"column":21},"end":{"line":419,"column":53}},"278":{"start":{"line":420,"column":21},"end":{"line":420,"column":53}},"279":{"start":{"line":422,"column":4},"end":{"line":422,"column":43}},"280":{"start":{"line":426,"column":22},"end":{"line":426,"column":23}},"281":{"start":{"line":427,"column":17},"end":{"line":427,"column":45}},"282":{"start":{"line":428,"column":17},"end":{"line":428,"column":33}},"283":{"start":{"line":429,"column":17},"end":{"line":429,"column":45}},"284":{"start":{"line":430,"column":17},"end":{"line":430,"column":33}},"285":{"start":{"line":432,"column":17},"end":{"line":432,"column":38}},"286":{"start":{"line":433,"column":17},"end":{"line":433,"column":38}},"287":{"start":{"line":434,"column":4},"end":{"line":438,"column":5}},"288":{"start":{"line":435,"column":6},"end":{"line":437,"column":7}},"289":{"start":{"line":436,"column":8},"end":{"line":436,"column":24}},"290":{"start":{"line":439,"column":4},"end":{"line":439,"column":32}},"291":{"start":{"line":443,"column":4},"end":{"line":453,"column":5}},"292":{"start":{"line":446,"column":8},"end":{"line":446,"column":17}},"293":{"start":{"line":449,"column":8},"end":{"line":449,"column":17}},"294":{"start":{"line":452,"column":8},"end":{"line":452,"column":17}},"295":{"start":{"line":457,"column":4},"end":{"line":467,"column":5}},"296":{"start":{"line":460,"column":8},"end":{"line":460,"column":17}},"297":{"start":{"line":463,"column":8},"end":{"line":463,"column":17}},"298":{"start":{"line":466,"column":8},"end":{"line":466,"column":17}}},"fnMap":{"0":{"name":"(anonymous_0)","decl":{"start":{"line":15,"column":2},"end":{"line":15,"column":3}},"loc":{"start":{"line":15,"column":38},"end":{"line":22,"column":3}},"line":15},"1":{"name":"(anonymous_1)","decl":{"start":{"line":24,"column":2},"end":{"line":24,"column":3}},"loc":{"start":{"line":24,"column":9},"end":{"line":68,"column":3}},"line":24},"2":{"name":"(anonymous_2)","decl":{"start":{"line":49,"column":20},"end":{"line":49,"column":21}},"loc":{"start":{"line":49,"column":27},"end":{"line":49,"column":67}},"line":49},"3":{"name":"(anonymous_3)","decl":{"start":{"line":49,"column":41},"end":{"line":49,"column":42}},"loc":{"start":{"line":49,"column":47},"end":{"line":49,"column":66}},"line":49},"4":{"name":"(anonymous_4)","decl":{"start":{"line":52,"column":52},"end":{"line":52,"column":53}},"loc":{"start":{"line":53,"column":6},"end":{"line":53,"column":53}},"line":53},"5":{"name":"(anonymous_5)","decl":{"start":{"line":55,"column":52},"end":{"line":55,"column":53}},"loc":{"start":{"line":56,"column":6},"end":{"line":56,"column":53}},"line":56},"6":{"name":"(anonymous_6)","decl":{"start":{"line":70,"column":2},"end":{"line":70,"column":3}},"loc":{"start":{"line":70,"column":52},"end":{"line":72,"column":3}},"line":70},"7":{"name":"(anonymous_7)","decl":{"start":{"line":74,"column":2},"end":{"line":74,"column":3}},"loc":{"start":{"line":74,"column":30},"end":{"line":83,"column":3}},"line":74},"8":{"name":"(anonymous_8)","decl":{"start":{"line":75,"column":62},"end":{"line":75,"column":63}},"loc":{"start":{"line":75,"column":69},"end":{"line":82,"column":5}},"line":75},"9":{"name":"(anonymous_9)","decl":{"start":{"line":85,"column":2},"end":{"line":85,"column":3}},"loc":{"start":{"line":85,"column":20},"end":{"line":87,"column":3}},"line":85},"10":{"name":"(anonymous_10)","decl":{"start":{"line":89,"column":2},"end":{"line":89,"column":3}},"loc":{"start":{"line":89,"column":20},"end":{"line":126,"column":3}},"line":89},"11":{"name":"(anonymous_11)","decl":{"start":{"line":93,"column":64},"end":{"line":93,"column":65}},"loc":{"start":{"line":93,"column":72},"end":{"line":109,"column":7}},"line":93},"12":{"name":"(anonymous_12)","decl":{"start":{"line":117,"column":10},"end":{"line":117,"column":11}},"loc":{"start":{"line":117,"column":15},"end":{"line":117,"column":70}},"line":117},"13":{"name":"(anonymous_13)","decl":{"start":{"line":128,"column":2},"end":{"line":128,"column":3}},"loc":{"start":{"line":128,"column":19},"end":{"line":132,"column":3}},"line":128},"14":{"name":"(anonymous_14)","decl":{"start":{"line":134,"column":2},"end":{"line":134,"column":3}},"loc":{"start":{"line":134,"column":27},"end":{"line":209,"column":3}},"line":134},"15":{"name":"(anonymous_15)","decl":{"start":{"line":139,"column":6},"end":{"line":139,"column":7}},"loc":{"start":{"line":139,"column":14},"end":{"line":139,"column":89}},"line":139},"16":{"name":"(anonymous_16)","decl":{"start":{"line":164,"column":6},"end":{"line":164,"column":7}},"loc":{"start":{"line":164,"column":14},"end":{"line":164,"column":89}},"line":164},"17":{"name":"(anonymous_17)","decl":{"start":{"line":171,"column":8},"end":{"line":171,"column":9}},"loc":{"start":{"line":171,"column":16},"end":{"line":171,"column":129}},"line":171},"18":{"name":"(anonymous_18)","decl":{"start":{"line":184,"column":8},"end":{"line":184,"column":9}},"loc":{"start":{"line":184,"column":16},"end":{"line":184,"column":74}},"line":184},"19":{"name":"(anonymous_19)","decl":{"start":{"line":187,"column":56},"end":{"line":187,"column":57}},"loc":{"start":{"line":188,"column":8},"end":{"line":188,"column":53}},"line":188},"20":{"name":"(anonymous_20)","decl":{"start":{"line":211,"column":2},"end":{"line":211,"column":3}},"loc":{"start":{"line":211,"column":13},"end":{"line":229,"column":3}},"line":211},"21":{"name":"(anonymous_21)","decl":{"start":{"line":212,"column":52},"end":{"line":212,"column":53}},"loc":{"start":{"line":213,"column":6},"end":{"line":213,"column":51}},"line":213},"22":{"name":"(anonymous_22)","decl":{"start":{"line":215,"column":54},"end":{"line":215,"column":55}},"loc":{"start":{"line":216,"column":6},"end":{"line":216,"column":51}},"line":216},"23":{"name":"(anonymous_23)","decl":{"start":{"line":231,"column":2},"end":{"line":231,"column":3}},"loc":{"start":{"line":231,"column":21},"end":{"line":265,"column":3}},"line":231},"24":{"name":"(anonymous_24)","decl":{"start":{"line":232,"column":52},"end":{"line":232,"column":53}},"loc":{"start":{"line":232,"column":60},"end":{"line":232,"column":83}},"line":232},"25":{"name":"(anonymous_25)","decl":{"start":{"line":234,"column":6},"end":{"line":234,"column":7}},"loc":{"start":{"line":234,"column":14},"end":{"line":234,"column":89}},"line":234},"26":{"name":"(anonymous_26)","decl":{"start":{"line":267,"column":2},"end":{"line":267,"column":3}},"loc":{"start":{"line":267,"column":21},"end":{"line":272,"column":3}},"line":267},"27":{"name":"(anonymous_27)","decl":{"start":{"line":274,"column":2},"end":{"line":274,"column":3}},"loc":{"start":{"line":274,"column":23},"end":{"line":376,"column":3}},"line":274},"28":{"name":"(anonymous_28)","decl":{"start":{"line":276,"column":54},"end":{"line":276,"column":55}},"loc":{"start":{"line":276,"column":62},"end":{"line":276,"column":110}},"line":276},"29":{"name":"(anonymous_29)","decl":{"start":{"line":277,"column":61},"end":{"line":277,"column":62}},"loc":{"start":{"line":277,"column":69},"end":{"line":277,"column":117}},"line":277},"30":{"name":"(anonymous_30)","decl":{"start":{"line":278,"column":36},"end":{"line":278,"column":37}},"loc":{"start":{"line":278,"column":41},"end":{"line":278,"column":70}},"line":278},"31":{"name":"(anonymous_31)","decl":{"start":{"line":279,"column":37},"end":{"line":279,"column":38}},"loc":{"start":{"line":279,"column":42},"end":{"line":279,"column":90}},"line":279},"32":{"name":"(anonymous_32)","decl":{"start":{"line":301,"column":80},"end":{"line":301,"column":81}},"loc":{"start":{"line":301,"column":85},"end":{"line":301,"column":109}},"line":301},"33":{"name":"(anonymous_33)","decl":{"start":{"line":317,"column":51},"end":{"line":317,"column":52}},"loc":{"start":{"line":318,"column":12},"end":{"line":319,"column":65}},"line":318},"34":{"name":"(anonymous_34)","decl":{"start":{"line":324,"column":46},"end":{"line":324,"column":47}},"loc":{"start":{"line":324,"column":51},"end":{"line":324,"column":72}},"line":324},"35":{"name":"(anonymous_35)","decl":{"start":{"line":355,"column":48},"end":{"line":355,"column":49}},"loc":{"start":{"line":355,"column":53},"end":{"line":355,"column":69}},"line":355},"36":{"name":"(anonymous_36)","decl":{"start":{"line":356,"column":72},"end":{"line":356,"column":73}},"loc":{"start":{"line":356,"column":77},"end":{"line":356,"column":108}},"line":356},"37":{"name":"(anonymous_37)","decl":{"start":{"line":378,"column":2},"end":{"line":378,"column":3}},"loc":{"start":{"line":378,"column":38},"end":{"line":385,"column":3}},"line":378},"38":{"name":"(anonymous_38)","decl":{"start":{"line":380,"column":26},"end":{"line":380,"column":27}},"loc":{"start":{"line":380,"column":36},"end":{"line":383,"column":5}},"line":380},"39":{"name":"(anonymous_39)","decl":{"start":{"line":383,"column":12},"end":{"line":383,"column":13}},"loc":{"start":{"line":383,"column":22},"end":{"line":383,"column":61}},"line":383},"40":{"name":"(anonymous_40)","decl":{"start":{"line":387,"column":2},"end":{"line":387,"column":3}},"loc":{"start":{"line":387,"column":34},"end":{"line":402,"column":3}},"line":387},"41":{"name":"(anonymous_41)","decl":{"start":{"line":391,"column":66},"end":{"line":391,"column":67}},"loc":{"start":{"line":391,"column":72},"end":{"line":401,"column":5}},"line":391},"42":{"name":"(anonymous_42)","decl":{"start":{"line":404,"column":2},"end":{"line":404,"column":3}},"loc":{"start":{"line":404,"column":42},"end":{"line":423,"column":3}},"line":404},"43":{"name":"(anonymous_43)","decl":{"start":{"line":425,"column":2},"end":{"line":425,"column":3}},"loc":{"start":{"line":425,"column":34},"end":{"line":440,"column":3}},"line":425},"44":{"name":"(anonymous_44)","decl":{"start":{"line":442,"column":2},"end":{"line":442,"column":3}},"loc":{"start":{"line":442,"column":22},"end":{"line":454,"column":3}},"line":442},"45":{"name":"(anonymous_45)","decl":{"start":{"line":456,"column":2},"end":{"line":456,"column":3}},"loc":{"start":{"line":456,"column":23},"end":{"line":468,"column":3}},"line":456}},"branchMap":{"0":{"loc":{"start":{"line":29,"column":26},"end":{"line":31,"column":32}},"type":"cond-expr","locations":[{"start":{"line":30,"column":8},"end":{"line":30,"column":69}},{"start":{"line":31,"column":8},"end":{"line":31,"column":32}}],"line":29},"1":{"loc":{"start":{"line":34,"column":4},"end":{"line":38,"column":5}},"type":"if","locations":[{"start":{"line":34,"column":4},"end":{"line":38,"column":5}},{"start":{},"end":{}}],"line":34},"2":{"loc":{"start":{"line":95,"column":8},"end":{"line":102,"column":9}},"type":"switch","locations":[{"start":{"line":96,"column":10},"end":{"line":96,"column":56}},{"start":{"line":97,"column":10},"end":{"line":97,"column":62}},{"start":{"line":98,"column":10},"end":{"line":98,"column":60}},{"start":{"line":99,"column":10},"end":{"line":99,"column":58}},{"start":{"line":100,"column":10},"end":{"line":100,"column":56}},{"start":{"line":101,"column":10},"end":{"line":101,"column":56}}],"line":95},"3":{"loc":{"start":{"line":114,"column":6},"end":{"line":122,"column":7}},"type":"if","locations":[{"start":{"line":114,"column":6},"end":{"line":122,"column":7}},{"start":{},"end":{}}],"line":114},"4":{"loc":{"start":{"line":119,"column":8},"end":{"line":121,"column":9}},"type":"if","locations":[{"start":{"line":119,"column":8},"end":{"line":121,"column":9}},{"start":{},"end":{}}],"line":119},"5":{"loc":{"start":{"line":135,"column":4},"end":{"line":137,"column":5}},"type":"if","locations":[{"start":{"line":135,"column":4},"end":{"line":137,"column":5}},{"start":{},"end":{}}],"line":135},"6":{"loc":{"start":{"line":139,"column":14},"end":{"line":139,"column":89}},"type":"binary-expr","locations":[{"start":{"line":139,"column":14},"end":{"line":139,"column":37}},{"start":{"line":139,"column":41},"end":{"line":139,"column":89}}],"line":139},"7":{"loc":{"start":{"line":142,"column":4},"end":{"line":152,"column":5}},"type":"if","locations":[{"start":{"line":142,"column":4},"end":{"line":152,"column":5}},{"start":{},"end":{}}],"line":142},"8":{"loc":{"start":{"line":143,"column":6},"end":{"line":147,"column":7}},"type":"if","locations":[{"start":{"line":143,"column":6},"end":{"line":147,"column":7}},{"start":{},"end":{}}],"line":143},"9":{"loc":{"start":{"line":154,"column":4},"end":{"line":157,"column":5}},"type":"if","locations":[{"start":{"line":154,"column":4},"end":{"line":157,"column":5}},{"start":{},"end":{}}],"line":154},"10":{"loc":{"start":{"line":164,"column":14},"end":{"line":164,"column":89}},"type":"binary-expr","locations":[{"start":{"line":164,"column":14},"end":{"line":164,"column":37}},{"start":{"line":164,"column":41},"end":{"line":164,"column":89}}],"line":164},"11":{"loc":{"start":{"line":167,"column":4},"end":{"line":180,"column":5}},"type":"if","locations":[{"start":{"line":167,"column":4},"end":{"line":180,"column":5}},{"start":{},"end":{}}],"line":167},"12":{"loc":{"start":{"line":167,"column":8},"end":{"line":167,"column":91}},"type":"binary-expr","locations":[{"start":{"line":167,"column":8},"end":{"line":167,"column":49}},{"start":{"line":167,"column":53},"end":{"line":167,"column":74}},{"start":{"line":167,"column":78},"end":{"line":167,"column":91}}],"line":167},"13":{"loc":{"start":{"line":171,"column":16},"end":{"line":171,"column":129}},"type":"binary-expr","locations":[{"start":{"line":171,"column":16},"end":{"line":171,"column":67}},{"start":{"line":171,"column":71},"end":{"line":171,"column":129}}],"line":171},"14":{"loc":{"start":{"line":182,"column":4},"end":{"line":206,"column":5}},"type":"if","locations":[{"start":{"line":182,"column":4},"end":{"line":206,"column":5}},{"start":{},"end":{}}],"line":182},"15":{"loc":{"start":{"line":182,"column":8},"end":{"line":182,"column":98}},"type":"binary-expr","locations":[{"start":{"line":182,"column":8},"end":{"line":182,"column":49}},{"start":{"line":182,"column":53},"end":{"line":182,"column":65}},{"start":{"line":182,"column":69},"end":{"line":182,"column":98}}],"line":182},"16":{"loc":{"start":{"line":190,"column":6},"end":{"line":202,"column":7}},"type":"if","locations":[{"start":{"line":190,"column":6},"end":{"line":202,"column":7}},{"start":{},"end":{}}],"line":190},"17":{"loc":{"start":{"line":196,"column":10},"end":{"line":198,"column":11}},"type":"if","locations":[{"start":{"line":196,"column":10},"end":{"line":198,"column":11}},{"start":{},"end":{}}],"line":196},"18":{"loc":{"start":{"line":218,"column":4},"end":{"line":222,"column":5}},"type":"if","locations":[{"start":{"line":218,"column":4},"end":{"line":222,"column":5}},{"start":{},"end":{}}],"line":218},"19":{"loc":{"start":{"line":223,"column":4},"end":{"line":227,"column":5}},"type":"if","locations":[{"start":{"line":223,"column":4},"end":{"line":227,"column":5}},{"start":{},"end":{}}],"line":223},"20":{"loc":{"start":{"line":223,"column":8},"end":{"line":223,"column":48}},"type":"binary-expr","locations":[{"start":{"line":223,"column":8},"end":{"line":223,"column":19}},{"start":{"line":223,"column":23},"end":{"line":223,"column":48}}],"line":223},"21":{"loc":{"start":{"line":234,"column":14},"end":{"line":234,"column":89}},"type":"binary-expr","locations":[{"start":{"line":234,"column":14},"end":{"line":234,"column":37}},{"start":{"line":234,"column":41},"end":{"line":234,"column":89}}],"line":234},"22":{"loc":{"start":{"line":237,"column":4},"end":{"line":240,"column":5}},"type":"if","locations":[{"start":{"line":237,"column":4},"end":{"line":240,"column":5}},{"start":{},"end":{}}],"line":237},"23":{"loc":{"start":{"line":242,"column":4},"end":{"line":249,"column":5}},"type":"if","locations":[{"start":{"line":242,"column":4},"end":{"line":249,"column":5}},{"start":{},"end":{}}],"line":242},"24":{"loc":{"start":{"line":243,"column":6},"end":{"line":247,"column":7}},"type":"if","locations":[{"start":{"line":243,"column":6},"end":{"line":247,"column":7}},{"start":{"line":245,"column":13},"end":{"line":247,"column":7}}],"line":243},"25":{"loc":{"start":{"line":256,"column":4},"end":{"line":264,"column":5}},"type":"if","locations":[{"start":{"line":256,"column":4},"end":{"line":264,"column":5}},{"start":{"line":259,"column":11},"end":{"line":264,"column":5}}],"line":256},"26":{"loc":{"start":{"line":256,"column":8},"end":{"line":256,"column":58}},"type":"binary-expr","locations":[{"start":{"line":256,"column":8},"end":{"line":256,"column":29}},{"start":{"line":256,"column":33},"end":{"line":256,"column":45}},{"start":{"line":256,"column":49},"end":{"line":256,"column":58}}],"line":256},"27":{"loc":{"start":{"line":259,"column":11},"end":{"line":264,"column":5}},"type":"if","locations":[{"start":{"line":259,"column":11},"end":{"line":264,"column":5}},{"start":{"line":262,"column":11},"end":{"line":264,"column":5}}],"line":259},"28":{"loc":{"start":{"line":259,"column":15},"end":{"line":259,"column":128}},"type":"binary-expr","locations":[{"start":{"line":259,"column":15},"end":{"line":259,"column":23}},{"start":{"line":259,"column":27},"end":{"line":259,"column":79}},{"start":{"line":259,"column":83},"end":{"line":259,"column":112}},{"start":{"line":259,"column":116},"end":{"line":259,"column":128}}],"line":259},"29":{"loc":{"start":{"line":269,"column":4},"end":{"line":271,"column":5}},"type":"if","locations":[{"start":{"line":269,"column":4},"end":{"line":271,"column":5}},{"start":{},"end":{}}],"line":269},"30":{"loc":{"start":{"line":283,"column":4},"end":{"line":333,"column":5}},"type":"if","locations":[{"start":{"line":283,"column":4},"end":{"line":333,"column":5}},{"start":{},"end":{}}],"line":283},"31":{"loc":{"start":{"line":283,"column":8},"end":{"line":283,"column":41}},"type":"binary-expr","locations":[{"start":{"line":283,"column":8},"end":{"line":283,"column":19}},{"start":{"line":283,"column":23},"end":{"line":283,"column":41}}],"line":283},"32":{"loc":{"start":{"line":286,"column":8},"end":{"line":291,"column":9}},"type":"if","locations":[{"start":{"line":286,"column":8},"end":{"line":291,"column":9}},{"start":{},"end":{}}],"line":286},"33":{"loc":{"start":{"line":288,"column":10},"end":{"line":288,"column":38}},"type":"if","locations":[{"start":{"line":288,"column":10},"end":{"line":288,"column":38}},{"start":{},"end":{}}],"line":288},"34":{"loc":{"start":{"line":301,"column":12},"end":{"line":304,"column":13}},"type":"if","locations":[{"start":{"line":301,"column":12},"end":{"line":304,"column":13}},{"start":{},"end":{}}],"line":301},"35":{"loc":{"start":{"line":301,"column":16},"end":{"line":301,"column":110}},"type":"binary-expr","locations":[{"start":{"line":301,"column":16},"end":{"line":301,"column":44}},{"start":{"line":301,"column":48},"end":{"line":301,"column":110}}],"line":301},"36":{"loc":{"start":{"line":306,"column":10},"end":{"line":306,"column":39}},"type":"if","locations":[{"start":{"line":306,"column":10},"end":{"line":306,"column":39}},{"start":{},"end":{}}],"line":306},"37":{"loc":{"start":{"line":309,"column":8},"end":{"line":315,"column":9}},"type":"if","locations":[{"start":{"line":309,"column":8},"end":{"line":315,"column":9}},{"start":{},"end":{}}],"line":309},"38":{"loc":{"start":{"line":322,"column":8},"end":{"line":331,"column":9}},"type":"if","locations":[{"start":{"line":322,"column":8},"end":{"line":331,"column":9}},{"start":{},"end":{}}],"line":322},"39":{"loc":{"start":{"line":324,"column":10},"end":{"line":330,"column":11}},"type":"if","locations":[{"start":{"line":324,"column":10},"end":{"line":330,"column":11}},{"start":{},"end":{}}],"line":324},"40":{"loc":{"start":{"line":335,"column":4},"end":{"line":345,"column":5}},"type":"if","locations":[{"start":{"line":335,"column":4},"end":{"line":345,"column":5}},{"start":{},"end":{}}],"line":335},"41":{"loc":{"start":{"line":335,"column":8},"end":{"line":335,"column":42}},"type":"binary-expr","locations":[{"start":{"line":335,"column":8},"end":{"line":335,"column":19}},{"start":{"line":335,"column":23},"end":{"line":335,"column":42}}],"line":335},"42":{"loc":{"start":{"line":338,"column":8},"end":{"line":343,"column":9}},"type":"if","locations":[{"start":{"line":338,"column":8},"end":{"line":343,"column":9}},{"start":{},"end":{}}],"line":338},"43":{"loc":{"start":{"line":340,"column":10},"end":{"line":340,"column":38}},"type":"if","locations":[{"start":{"line":340,"column":10},"end":{"line":340,"column":38}},{"start":{},"end":{}}],"line":340},"44":{"loc":{"start":{"line":347,"column":4},"end":{"line":373,"column":5}},"type":"if","locations":[{"start":{"line":347,"column":4},"end":{"line":373,"column":5}},{"start":{},"end":{}}],"line":347},"45":{"loc":{"start":{"line":354,"column":10},"end":{"line":362,"column":11}},"type":"if","locations":[{"start":{"line":354,"column":10},"end":{"line":362,"column":11}},{"start":{},"end":{}}],"line":354},"46":{"loc":{"start":{"line":354,"column":14},"end":{"line":354,"column":55}},"type":"binary-expr","locations":[{"start":{"line":354,"column":14},"end":{"line":354,"column":28}},{"start":{"line":354,"column":32},"end":{"line":354,"column":55}}],"line":354},"47":{"loc":{"start":{"line":355,"column":12},"end":{"line":361,"column":13}},"type":"if","locations":[{"start":{"line":355,"column":12},"end":{"line":361,"column":13}},{"start":{},"end":{}}],"line":355},"48":{"loc":{"start":{"line":357,"column":14},"end":{"line":360,"column":15}},"type":"if","locations":[{"start":{"line":357,"column":14},"end":{"line":360,"column":15}},{"start":{},"end":{}}],"line":357},"49":{"loc":{"start":{"line":365,"column":8},"end":{"line":371,"column":9}},"type":"if","locations":[{"start":{"line":365,"column":8},"end":{"line":371,"column":9}},{"start":{},"end":{}}],"line":365},"50":{"loc":{"start":{"line":382,"column":13},"end":{"line":382,"column":38}},"type":"binary-expr","locations":[{"start":{"line":382,"column":13},"end":{"line":382,"column":26}},{"start":{"line":382,"column":30},"end":{"line":382,"column":38}}],"line":382},"51":{"loc":{"start":{"line":393,"column":6},"end":{"line":398,"column":7}},"type":"if","locations":[{"start":{"line":393,"column":6},"end":{"line":398,"column":7}},{"start":{},"end":{}}],"line":393},"52":{"loc":{"start":{"line":411,"column":17},"end":{"line":411,"column":55}},"type":"cond-expr","locations":[{"start":{"line":411,"column":31},"end":{"line":411,"column":32}},{"start":{"line":411,"column":35},"end":{"line":411,"column":55}}],"line":411},"53":{"loc":{"start":{"line":411,"column":35},"end":{"line":411,"column":55}},"type":"cond-expr","locations":[{"start":{"line":411,"column":49},"end":{"line":411,"column":51}},{"start":{"line":411,"column":54},"end":{"line":411,"column":55}}],"line":411},"54":{"loc":{"start":{"line":412,"column":17},"end":{"line":412,"column":55}},"type":"cond-expr","locations":[{"start":{"line":412,"column":31},"end":{"line":412,"column":32}},{"start":{"line":412,"column":35},"end":{"line":412,"column":55}}],"line":412},"55":{"loc":{"start":{"line":412,"column":35},"end":{"line":412,"column":55}},"type":"cond-expr","locations":[{"start":{"line":412,"column":49},"end":{"line":412,"column":51}},{"start":{"line":412,"column":54},"end":{"line":412,"column":55}}],"line":412},"56":{"loc":{"start":{"line":434,"column":4},"end":{"line":438,"column":5}},"type":"if","locations":[{"start":{"line":434,"column":4},"end":{"line":438,"column":5}},{"start":{},"end":{}}],"line":434},"57":{"loc":{"start":{"line":435,"column":6},"end":{"line":437,"column":7}},"type":"if","locations":[{"start":{"line":435,"column":6},"end":{"line":437,"column":7}},{"start":{},"end":{}}],"line":435},"58":{"loc":{"start":{"line":435,"column":12},"end":{"line":435,"column":53}},"type":"binary-expr","locations":[{"start":{"line":435,"column":12},"end":{"line":435,"column":22}},{"start":{"line":435,"column":26},"end":{"line":435,"column":36}},{"start":{"line":435,"column":40},"end":{"line":435,"column":53}}],"line":435},"59":{"loc":{"start":{"line":443,"column":4},"end":{"line":453,"column":5}},"type":"switch","locations":[{"start":{"line":444,"column":6},"end":{"line":444,"column":23}},{"start":{"line":445,"column":6},"end":{"line":446,"column":17}},{"start":{"line":447,"column":6},"end":{"line":447,"column":20}},{"start":{"line":448,"column":6},"end":{"line":449,"column":17}},{"start":{"line":450,"column":6},"end":{"line":450,"column":22}},{"start":{"line":451,"column":6},"end":{"line":452,"column":17}}],"line":443},"60":{"loc":{"start":{"line":457,"column":4},"end":{"line":467,"column":5}},"type":"switch","locations":[{"start":{"line":458,"column":6},"end":{"line":458,"column":23}},{"start":{"line":459,"column":6},"end":{"line":460,"column":17}},{"start":{"line":461,"column":6},"end":{"line":461,"column":20}},{"start":{"line":462,"column":6},"end":{"line":463,"column":17}},{"start":{"line":464,"column":6},"end":{"line":464,"column":22}},{"start":{"line":465,"column":6},"end":{"line":466,"column":17}}],"line":457}},"s":{"0":9,"1":9,"2":9,"3":9,"4":9,"5":9,"6":0,"7":0,"8":0,"9":0,"10":0,"11":0,"12":0,"13":0,"14":0,"15":0,"16":0,"17":0,"18":0,"19":0,"20":0,"21":0,"22":0,"23":0,"24":0,"25":0,"26":0,"27":0,"28":0,"29":0,"30":0,"31":0,"32":0,"33":0,"34":0,"35":0,"36":0,"37":0,"38":0,"39":1,"40":0,"41":0,"42":0,"43":2,"44":2,"45":2,"46":1,"47":1,"48":1,"49":1,"50":0,"51":0,"52":0,"53":0,"54":0,"55":0,"56":0,"57":0,"58":0,"59":0,"60":1,"61":1,"62":1,"63":1,"64":1,"65":1,"66":1,"67":1,"68":1,"69":1,"70":1,"71":1,"72":1,"73":1,"74":0,"75":0,"76":0,"77":0,"78":0,"79":0,"80":0,"81":0,"82":0,"83":0,"84":0,"85":0,"86":0,"87":0,"88":0,"89":0,"90":0,"91":0,"92":0,"93":0,"94":0,"95":0,"96":0,"97":0,"98":0,"99":0,"100":0,"101":0,"102":0,"103":0,"104":0,"105":0,"106":0,"107":0,"108":0,"109":0,"110":0,"111":0,"112":0,"113":0,"114":0,"115":0,"116":0,"117":0,"118":0,"119":0,"120":0,"121":0,"122":0,"123":0,"124":0,"125":0,"126":0,"127":0,"128":0,"129":0,"130":0,"131":0,"132":0,"133":0,"134":0,"135":0,"136":0,"137":0,"138":0,"139":0,"140":0,"141":0,"142":0,"143":0,"144":0,"145":0,"146":0,"147":0,"148":0,"149":0,"150":0,"151":0,"152":0,"153":0,"154":0,"155":0,"156":0,"157":0,"158":0,"159":0,"160":0,"161":0,"162":0,"163":0,"164":0,"165":0,"166":0,"167":0,"168":0,"169":0,"170":0,"171":0,"172":0,"173":0,"174":0,"175":0,"176":0,"177":0,"178":0,"179":0,"180":0,"181":0,"182":0,"183":0,"184":0,"185":0,"186":0,"187":0,"188":0,"189":0,"190":0,"191":0,"192":0,"193":0,"194":0,"195":0,"196":0,"197":0,"198":0,"199":0,"200":0,"201":0,"202":0,"203":0,"204":0,"205":0,"206":0,"207":0,"208":0,"209":0,"210":0,"211":0,"212":0,"213":0,"214":0,"215":0,"216":0,"217":0,"218":0,"219":0,"220":0,"221":0,"222":0,"223":0,"224":0,"225":0,"226":0,"227":0,"228":0,"229":0,"230":0,"231":0,"232":0,"233":0,"234":0,"235":0,"236":0,"237":0,"238":0,"239":0,"240":0,"241":0,"242":0,"243":0,"244":0,"245":0,"246":0,"247":0,"248":0,"249":0,"250":0,"251":0,"252":0,"253":0,"254":0,"255":0,"256":0,"257":0,"258":0,"259":0,"260":0,"261":0,"262":0,"263":0,"264":0,"265":0,"266":0,"267":0,"268":0,"269":0,"270":0,"271":0,"272":0,"273":0,"274":0,"275":0,"276":0,"277":0,"278":0,"279":0,"280":12,"281":12,"282":12,"283":12,"284":12,"285":12,"286":12,"287":12,"288":6,"289":0,"290":12,"291":6,"292":2,"293":2,"294":2,"295":6,"296":2,"297":2,"298":2},"f":{"0":9,"1":0,"2":0,"3":0,"4":0,"5":0,"6":1,"7":0,"8":0,"9":0,"10":2,"11":1,"12":1,"13":0,"14":0,"15":0,"16":0,"17":0,"18":0,"19":0,"20":0,"21":0,"22":0,"23":0,"24":0,"25":0,"26":0,"27":0,"28":0,"29":0,"30":0,"31":0,"32":0,"33":0,"34":0,"35":0,"36":0,"37":0,"38":0,"39":0,"40":0,"41":0,"42":0,"43":12,"44":6,"45":6},"b":{"0":[0,0],"1":[0,0],"2":[1,0,0,0,0,0],"3":[1,0],"4":[1,0],"5":[0,0],"6":[0,0],"7":[0,0],"8":[0,0],"9":[0,0],"10":[0,0],"11":[0,0],"12":[0,0,0],"13":[0,0],"14":[0,0],"15":[0,0,0],"16":[0,0],"17":[0,0],"18":[0,0],"19":[0,0],"20":[0,0],"21":[0,0],"22":[0,0],"23":[0,0],"24":[0,0],"25":[0,0],"26":[0,0,0],"27":[0,0],"28":[0,0,0,0],"29":[0,0],"30":[0,0],"31":[0,0],"32":[0,0],"33":[0,0],"34":[0,0],"35":[0,0],"36":[0,0],"37":[0,0],"38":[0,0],"39":[0,0],"40":[0,0],"41":[0,0],"42":[0,0],"43":[0,0],"44":[0,0],"45":[0,0],"46":[0,0],"47":[0,0],"48":[0,0],"49":[0,0],"50":[0,0],"51":[0,0],"52":[0,0],"53":[0,0],"54":[0,0],"55":[0,0],"56":[6,6],"57":[0,6],"58":[6,6,0],"59":[1,2,1,2,1,2],"60":[1,2,1,2,1,2]},"_coverageSchema":"1a1c01bbd47fc00a2c39e90264f33305004495a9","hash":"3b8e9666f43aaaaaf8d020173196d6c90dccd263"}
,"C:\\Users\\KRIKKER\\Downloads\\js-advanced-diploma\\src\\js\\GameState.js": {"path":"C:\\Users\\KRIKKER\\Downloads\\js-advanced-diploma\\src\\js\\GameState.js","statementMap":{"0":{"start":{"line":3,"column":4},"end":{"line":3,"column":34}},"1":{"start":{"line":4,"column":4},"end":{"line":4,"column":34}},"2":{"start":{"line":5,"column":4},"end":{"line":5,"column":42}},"3":{"start":{"line":6,"column":4},"end":{"line":6,"column":19}},"4":{"start":{"line":7,"column":4},"end":{"line":7,"column":28}},"5":{"start":{"line":8,"column":4},"end":{"line":8,"column":25}},"6":{"start":{"line":12,"column":4},"end":{"line":12,"column":40}},"7":{"start":{"line":12,"column":17},"end":{"line":12,"column":40}},"8":{"start":{"line":13,"column":18},"end":{"line":13,"column":33}},"9":{"start":{"line":14,"column":4},"end":{"line":14,"column":47}},"10":{"start":{"line":15,"column":4},"end":{"line":15,"column":55}},"11":{"start":{"line":16,"column":4},"end":{"line":16,"column":71}},"12":{"start":{"line":17,"column":4},"end":{"line":17,"column":31}},"13":{"start":{"line":18,"column":4},"end":{"line":18,"column":41}},"14":{"start":{"line":19,"column":4},"end":{"line":19,"column":41}},"15":{"start":{"line":20,"column":4},"end":{"line":20,"column":17}}},"fnMap":{"0":{"name":"(anonymous_0)","decl":{"start":{"line":2,"column":2},"end":{"line":2,"column":3}},"loc":{"start":{"line":2,"column":16},"end":{"line":9,"column":3}},"line":2},"1":{"name":"(anonymous_1)","decl":{"start":{"line":11,"column":2},"end":{"line":11,"column":3}},"loc":{"start":{"line":11,"column":22},"end":{"line":21,"column":3}},"line":11}},"branchMap":{"0":{"loc":{"start":{"line":12,"column":4},"end":{"line":12,"column":40}},"type":"if","locations":[{"start":{"line":12,"column":4},"end":{"line":12,"column":40}},{"start":{},"end":{}}],"line":12}},"s":{"0":9,"1":9,"2":9,"3":9,"4":9,"5":9,"6":0,"7":0,"8":0,"9":0,"10":0,"11":0,"12":0,"13":0,"14":0,"15":0},"f":{"0":9,"1":0},"b":{"0":[0,0]},"_coverageSchema":"1a1c01bbd47fc00a2c39e90264f33305004495a9","hash":"9ac051f0e93feb4d1e43341bf651368a34c1ced6"}
,"C:\\Users\\KRIKKER\\Downloads\\js-advanced-diploma\\src\\js\\PositionedCharacter.js": {"path":"C:\\Users\\KRIKKER\\Downloads\\js-advanced-diploma\\src\\js\\PositionedCharacter.js","statementMap":{"0":{"start":{"line":5,"column":4},"end":{"line":7,"column":5}},"1":{"start":{"line":6,"column":6},"end":{"line":6,"column":81}},"2":{"start":{"line":9,"column":4},"end":{"line":11,"column":5}},"3":{"start":{"line":10,"column":6},"end":{"line":10,"column":51}},"4":{"start":{"line":13,"column":4},"end":{"line":13,"column":31}},"5":{"start":{"line":14,"column":4},"end":{"line":14,"column":29}}},"fnMap":{"0":{"name":"(anonymous_0)","decl":{"start":{"line":4,"column":2},"end":{"line":4,"column":3}},"loc":{"start":{"line":4,"column":35},"end":{"line":15,"column":3}},"line":4}},"branchMap":{"0":{"loc":{"start":{"line":5,"column":4},"end":{"line":7,"column":5}},"type":"if","locations":[{"start":{"line":5,"column":4},"end":{"line":7,"column":5}},{"start":{},"end":{}}],"line":5},"1":{"loc":{"start":{"line":9,"column":4},"end":{"line":11,"column":5}},"type":"if","locations":[{"start":{"line":9,"column":4},"end":{"line":11,"column":5}},{"start":{},"end":{}}],"line":9}},"s":{"0":1,"1":0,"2":1,"3":0,"4":1,"5":1},"f":{"0":1},"b":{"0":[0,1],"1":[0,1]},"_coverageSchema":"1a1c01bbd47fc00a2c39e90264f33305004495a9","hash":"a7849faf6301777bea4893f5da0f50e27a57284e"}
,"C:\\Users\\KRIKKER\\Downloads\\js-advanced-diploma\\src\\js\\Team.js": {"path":"C:\\Users\\KRIKKER\\Downloads\\js-advanced-diploma\\src\\js\\Team.js","statementMap":{"0":{"start":{"line":16,"column":4},"end":{"line":16,"column":32}},"1":{"start":{"line":20,"column":4},"end":{"line":20,"column":24}}},"fnMap":{"0":{"name":"(anonymous_0)","decl":{"start":{"line":15,"column":2},"end":{"line":15,"column":3}},"loc":{"start":{"line":15,"column":23},"end":{"line":17,"column":3}},"line":15},"1":{"name":"(anonymous_1)","decl":{"start":{"line":19,"column":2},"end":{"line":19,"column":3}},"loc":{"start":{"line":19,"column":19},"end":{"line":21,"column":3}},"line":19}},"branchMap":{},"s":{"0":0,"1":0},"f":{"0":0,"1":0},"b":{},"_coverageSchema":"1a1c01bbd47fc00a2c39e90264f33305004495a9","hash":"3e27463dd2def9aa8df5245ddc0044873ae30f88"}
,"C:\\Users\\KRIKKER\\Downloads\\js-advanced-diploma\\src\\js\\cursors.js": {"path":"C:\\Users\\KRIKKER\\Downloads\\js-advanced-diploma\\src\\js\\cursors.js","statementMap":{"0":{"start":{"line":1,"column":16},"end":{"line":6,"column":1}}},"fnMap":{},"branchMap":{},"s":{"0":1},"f":{},"b":{},"_coverageSchema":"1a1c01bbd47fc00a2c39e90264f33305004495a9","hash":"b85d98c428859a9b2fe45d437ff09cb4ccd4f78d"}
,"C:\\Users\\KRIKKER\\Downloads\\js-advanced-diploma\\src\\js\\generators.js": {"path":"C:\\Users\\KRIKKER\\Downloads\\js-advanced-diploma\\src\\js\\generators.js","statementMap":{"0":{"start":{"line":13,"column":2},"end":{"line":17,"column":3}},"1":{"start":{"line":14,"column":22},"end":{"line":14,"column":83}},"2":{"start":{"line":15,"column":18},"end":{"line":15,"column":58}},"3":{"start":{"line":16,"column":4},"end":{"line":16,"column":31}},"4":{"start":{"line":28,"column":17},"end":{"line":28,"column":19}},"5":{"start":{"line":29,"column":20},"end":{"line":29,"column":62}},"6":{"start":{"line":30,"column":2},"end":{"line":32,"column":3}},"7":{"start":{"line":30,"column":15},"end":{"line":30,"column":16}},"8":{"start":{"line":31,"column":4},"end":{"line":31,"column":40}},"9":{"start":{"line":33,"column":2},"end":{"line":33,"column":26}}},"fnMap":{"0":{"name":"characterGenerator","decl":{"start":{"line":12,"column":17},"end":{"line":12,"column":35}},"loc":{"start":{"line":12,"column":60},"end":{"line":18,"column":1}},"line":12},"1":{"name":"generateTeam","decl":{"start":{"line":27,"column":16},"end":{"line":27,"column":28}},"loc":{"start":{"line":27,"column":69},"end":{"line":34,"column":1}},"line":27}},"branchMap":{},"s":{"0":0,"1":0,"2":0,"3":0,"4":0,"5":0,"6":0,"7":0,"8":0,"9":0},"f":{"0":0,"1":0},"b":{},"_coverageSchema":"1a1c01bbd47fc00a2c39e90264f33305004495a9","hash":"a2177e0507be4e2c0fe081589a2aad147c2aa8bf"}
,"C:\\Users\\KRIKKER\\Downloads\\js-advanced-diploma\\src\\js\\themes.js": {"path":"C:\\Users\\KRIKKER\\Downloads\\js-advanced-diploma\\src\\js\\themes.js","statementMap":{"0":{"start":{"line":2,"column":2},"end":{"line":8,"column":26}},"1":{"start":{"line":3,"column":4},"end":{"line":3,"column":21}},"2":{"start":{"line":4,"column":9},"end":{"line":8,"column":26}},"3":{"start":{"line":5,"column":4},"end":{"line":5,"column":20}},"4":{"start":{"line":6,"column":9},"end":{"line":8,"column":26}},"5":{"start":{"line":7,"column":4},"end":{"line":7,"column":20}},"6":{"start":{"line":8,"column":9},"end":{"line":8,"column":26}}},"fnMap":{"0":{"name":"themes","decl":{"start":{"line":1,"column":9},"end":{"line":1,"column":15}},"loc":{"start":{"line":1,"column":23},"end":{"line":9,"column":1}},"line":1}},"branchMap":{"0":{"loc":{"start":{"line":2,"column":2},"end":{"line":8,"column":26}},"type":"if","locations":[{"start":{"line":2,"column":2},"end":{"line":8,"column":26}},{"start":{"line":4,"column":9},"end":{"line":8,"column":26}}],"line":2},"1":{"loc":{"start":{"line":4,"column":9},"end":{"line":8,"column":26}},"type":"if","locations":[{"start":{"line":4,"column":9},"end":{"line":8,"column":26}},{"start":{"line":6,"column":9},"end":{"line":8,"column":26}}],"line":4},"2":{"loc":{"start":{"line":6,"column":9},"end":{"line":8,"column":26}},"type":"if","locations":[{"start":{"line":6,"column":9},"end":{"line":8,"column":26}},{"start":{"line":8,"column":9},"end":{"line":8,"column":26}}],"line":6}},"s":{"0":1,"1":0,"2":1,"3":1,"4":0,"5":0,"6":0},"f":{"0":1},"b":{"0":[0,1],"1":[1,0],"2":[0,0]},"_coverageSchema":"1a1c01bbd47fc00a2c39e90264f33305004495a9","hash":"3bd098ea1c6da1416d248ae6cdb0e2f5fb99bb1e"}
,"C:\\Users\\KRIKKER\\Downloads\\js-advanced-diploma\\src\\js\\characters\\Bowman.js": {"path":"C:\\Users\\KRIKKER\\Downloads\\js-advanced-diploma\\src\\js\\characters\\Bowman.js","statementMap":{"0":{"start":{"line":5,"column":8},"end":{"line":5,"column":31}},"1":{"start":{"line":6,"column":8},"end":{"line":6,"column":25}},"2":{"start":{"line":7,"column":8},"end":{"line":7,"column":26}}},"fnMap":{"0":{"name":"(anonymous_0)","decl":{"start":{"line":4,"column":4},"end":{"line":4,"column":5}},"loc":{"start":{"line":4,"column":23},"end":{"line":8,"column":5}},"line":4}},"branchMap":{},"s":{"0":2,"1":2,"2":2},"f":{"0":2},"b":{},"_coverageSchema":"1a1c01bbd47fc00a2c39e90264f33305004495a9","hash":"021f1b565eeced8fb99170afc06dffb54cccf3d7"}
,"C:\\Users\\KRIKKER\\Downloads\\js-advanced-diploma\\src\\js\\characters\\Daemon.js": {"path":"C:\\Users\\KRIKKER\\Downloads\\js-advanced-diploma\\src\\js\\characters\\Daemon.js","statementMap":{"0":{"start":{"line":5,"column":8},"end":{"line":5,"column":31}},"1":{"start":{"line":6,"column":8},"end":{"line":6,"column":25}},"2":{"start":{"line":7,"column":8},"end":{"line":7,"column":26}}},"fnMap":{"0":{"name":"(anonymous_0)","decl":{"start":{"line":4,"column":4},"end":{"line":4,"column":5}},"loc":{"start":{"line":4,"column":23},"end":{"line":8,"column":5}},"line":4}},"branchMap":{},"s":{"0":0,"1":0,"2":0},"f":{"0":0},"b":{},"_coverageSchema":"1a1c01bbd47fc00a2c39e90264f33305004495a9","hash":"806c9b0ec226988138222deffe832a74925de212"}
,"C:\\Users\\KRIKKER\\Downloads\\js-advanced-diploma\\src\\js\\characters\\Magician.js": {"path":"C:\\Users\\KRIKKER\\Downloads\\js-advanced-diploma\\src\\js\\characters\\Magician.js","statementMap":{"0":{"start":{"line":5,"column":8},"end":{"line":5,"column":33}},"1":{"start":{"line":6,"column":8},"end":{"line":6,"column":25}},"2":{"start":{"line":7,"column":8},"end":{"line":7,"column":26}}},"fnMap":{"0":{"name":"(anonymous_0)","decl":{"start":{"line":4,"column":4},"end":{"line":4,"column":5}},"loc":{"start":{"line":4,"column":23},"end":{"line":8,"column":5}},"line":4}},"branchMap":{},"s":{"0":0,"1":0,"2":0},"f":{"0":0},"b":{},"_coverageSchema":"1a1c01bbd47fc00a2c39e90264f33305004495a9","hash":"d5fa63c2a726859c8697e305f3e8567ba8f9da7b"}
,"C:\\Users\\KRIKKER\\Downloads\\js-advanced-diploma\\src\\js\\characters\\Swordsman.js": {"path":"C:\\Users\\KRIKKER\\Downloads\\js-advanced-diploma\\src\\js\\characters\\Swordsman.js","statementMap":{"0":{"start":{"line":5,"column":8},"end":{"line":5,"column":34}},"1":{"start":{"line":6,"column":8},"end":{"line":6,"column":25}},"2":{"start":{"line":7,"column":8},"end":{"line":7,"column":26}}},"fnMap":{"0":{"name":"(anonymous_0)","decl":{"start":{"line":4,"column":4},"end":{"line":4,"column":5}},"loc":{"start":{"line":4,"column":23},"end":{"line":8,"column":5}},"line":4}},"branchMap":{},"s":{"0":0,"1":0,"2":0},"f":{"0":0},"b":{},"_coverageSchema":"1a1c01bbd47fc00a2c39e90264f33305004495a9","hash":"81c1f21c2452f8c979d5a9d6af704462a093de30"}
,"C:\\Users\\KRIKKER\\Downloads\\js-advanced-diploma\\src\\js\\characters\\Undead.js": {"path":"C:\\Users\\KRIKKER\\Downloads\\js-advanced-diploma\\src\\js\\characters\\Undead.js","statementMap":{"0":{"start":{"line":5,"column":8},"end":{"line":5,"column":31}},"1":{"start":{"line":6,"column":8},"end":{"line":6,"column":25}},"2":{"start":{"line":7,"column":8},"end":{"line":7,"column":26}}},"fnMap":{"0":{"name":"(anonymous_0)","decl":{"start":{"line":4,"column":4},"end":{"line":4,"column":5}},"loc":{"start":{"line":4,"column":23},"end":{"line":8,"column":5}},"line":4}},"branchMap":{},"s":{"0":0,"1":0,"2":0},"f":{"0":0},"b":{},"_coverageSchema":"1a1c01bbd47fc00a2c39e90264f33305004495a9","hash":"517b5be7100b08be4ed86fe328e96387e510a47a"}
,"C:\\Users\\KRIKKER\\Downloads\\js-advanced-diploma\\src\\js\\characters\\Vampire.js": {"path":"C:\\Users\\KRIKKER\\Downloads\\js-advanced-diploma\\src\\js\\characters\\Vampire.js","statementMap":{"0":{"start":{"line":5,"column":8},"end":{"line":5,"column":32}},"1":{"start":{"line":6,"column":8},"end":{"line":6,"column":25}},"2":{"start":{"line":7,"column":8},"end":{"line":7,"column":26}}},"fnMap":{"0":{"name":"(anonymous_0)","decl":{"start":{"line":4,"column":4},"end":{"line":4,"column":5}},"loc":{"start":{"line":4,"column":23},"end":{"line":8,"column":5}},"line":4}},"branchMap":{},"s":{"0":0,"1":0,"2":0},"f":{"0":0},"b":{},"_coverageSchema":"1a1c01bbd47fc00a2c39e90264f33305004495a9","hash":"648531e0be633b3d6eedd913f7b803e220542b32"}
}
