TN:
SF:src\js\Character.js
FN:16,(anonymous_0)
FNF:1
FNH:1
FNDA:2,(anonymous_0)
DA:17,2
DA:18,0
DA:20,2
DA:21,2
DA:22,2
DA:23,2
DA:24,2
LF:7
LH:6
BRDA:16,0,0,0
BRDA:17,1,0,0
BRDA:17,1,1,2
BRF:3
BRH:1
end_of_record
TN:
SF:src\js\GameController.js
FN:15,(anonymous_0)
FN:24,(anonymous_1)
FN:49,(anonymous_2)
FN:49,(anonymous_3)
FN:52,(anonymous_4)
FN:55,(anonymous_5)
FN:70,(anonymous_6)
FN:74,(anonymous_7)
FN:75,(anonymous_8)
FN:85,(anonymous_9)
FN:89,(anonymous_10)
FN:93,(anonymous_11)
FN:117,(anonymous_12)
FN:128,(anonymous_13)
FN:134,(anonymous_14)
FN:139,(anonymous_15)
FN:164,(anonymous_16)
FN:171,(anonymous_17)
FN:184,(anonymous_18)
FN:187,(anonymous_19)
FN:211,(anonymous_20)
FN:212,(anonymous_21)
FN:215,(anonymous_22)
FN:231,(anonymous_23)
FN:232,(anonymous_24)
FN:234,(anonymous_25)
FN:267,(anonymous_26)
FN:274,(anonymous_27)
FN:276,(anonymous_28)
FN:277,(anonymous_29)
FN:278,(anonymous_30)
FN:279,(anonymous_31)
FN:301,(anonymous_32)
FN:317,(anonymous_33)
FN:324,(anonymous_34)
FN:355,(anonymous_35)
FN:356,(anonymous_36)
FN:378,(anonymous_37)
FN:380,(anonymous_38)
FN:383,(anonymous_39)
FN:387,(anonymous_40)
FN:391,(anonymous_41)
FN:404,(anonymous_42)
FN:425,(anonymous_43)
FN:442,(anonymous_44)
FN:456,(anonymous_45)
FNF:46
FNH:8
FNDA:9,(anonymous_0)
FNDA:0,(anonymous_1)
FNDA:0,(anonymous_2)
FNDA:0,(anonymous_3)
FNDA:0,(anonymous_4)
FNDA:0,(anonymous_5)
FNDA:1,(anonymous_6)
FNDA:0,(anonymous_7)
FNDA:0,(anonymous_8)
FNDA:0,(anonymous_9)
FNDA:2,(anonymous_10)
FNDA:1,(anonymous_11)
FNDA:1,(anonymous_12)
FNDA:0,(anonymous_13)
FNDA:0,(anonymous_14)
FNDA:0,(anonymous_15)
FNDA:0,(anonymous_16)
FNDA:0,(anonymous_17)
FNDA:0,(anonymous_18)
FNDA:0,(anonymous_19)
FNDA:0,(anonymous_20)
FNDA:0,(anonymous_21)
FNDA:0,(anonymous_22)
FNDA:0,(anonymous_23)
FNDA:0,(anonymous_24)
FNDA:0,(anonymous_25)
FNDA:0,(anonymous_26)
FNDA:0,(anonymous_27)
FNDA:0,(anonymous_28)
FNDA:0,(anonymous_29)
FNDA:0,(anonymous_30)
FNDA:0,(anonymous_31)
FNDA:0,(anonymous_32)
FNDA:0,(anonymous_33)
FNDA:0,(anonymous_34)
FNDA:0,(anonymous_35)
FNDA:0,(anonymous_36)
FNDA:0,(anonymous_37)
FNDA:0,(anonymous_38)
FNDA:0,(anonymous_39)
FNDA:0,(anonymous_40)
FNDA:0,(anonymous_41)
FNDA:0,(anonymous_42)
FNDA:12,(anonymous_43)
FNDA:6,(anonymous_44)
FNDA:6,(anonymous_45)
DA:16,9
DA:17,9
DA:18,9
DA:19,9
DA:20,9
DA:21,9
DA:25,0
DA:27,0
DA:28,0
DA:29,0
DA:33,0
DA:34,0
DA:35,0
DA:36,0
DA:39,0
DA:41,0
DA:42,0
DA:44,0
DA:45,0
DA:46,0
DA:49,0
DA:50,0
DA:51,0
DA:52,0
DA:53,0
DA:55,0
DA:56,0
DA:58,0
DA:59,0
DA:60,0
DA:62,0
DA:63,0
DA:64,0
DA:65,0
DA:66,0
DA:67,0
DA:71,1
DA:75,0
DA:86,0
DA:90,2
DA:91,2
DA:92,2
DA:93,1
DA:95,1
DA:96,1
DA:97,0
DA:98,0
DA:99,0
DA:100,0
DA:101,0
DA:103,1
DA:104,1
DA:105,1
DA:106,1
DA:108,1
DA:111,1
DA:112,1
DA:114,1
DA:115,1
DA:116,1
DA:117,1
DA:119,1
DA:120,1
DA:124,1
DA:129,0
DA:130,0
DA:131,0
DA:135,0
DA:136,0
DA:138,0
DA:139,0
DA:142,0
DA:143,0
DA:144,0
DA:145,0
DA:146,0
DA:148,0
DA:149,0
DA:150,0
DA:151,0
DA:154,0
DA:155,0
DA:156,0
DA:159,0
DA:160,0
DA:161,0
DA:162,0
DA:163,0
DA:164,0
DA:167,0
DA:168,0
DA:169,0
DA:170,0
DA:171,0
DA:173,0
DA:174,0
DA:175,0
DA:176,0
DA:177,0
DA:178,0
DA:179,0
DA:182,0
DA:183,0
DA:184,0
DA:186,0
DA:187,0
DA:188,0
DA:190,0
DA:191,0
DA:192,0
DA:193,0
DA:194,0
DA:195,0
DA:196,0
DA:197,0
DA:199,0
DA:201,0
DA:203,0
DA:204,0
DA:205,0
DA:208,0
DA:212,0
DA:213,0
DA:215,0
DA:216,0
DA:218,0
DA:219,0
DA:220,0
DA:221,0
DA:223,0
DA:224,0
DA:225,0
DA:226,0
DA:228,0
DA:232,0
DA:233,0
DA:234,0
DA:237,0
DA:238,0
DA:239,0
DA:242,0
DA:243,0
DA:244,0
DA:246,0
DA:248,0
DA:251,0
DA:252,0
DA:253,0
DA:254,0
DA:256,0
DA:257,0
DA:258,0
DA:259,0
DA:260,0
DA:261,0
DA:263,0
DA:268,0
DA:269,0
DA:270,0
DA:275,0
DA:276,0
DA:277,0
DA:278,0
DA:279,0
DA:281,0
DA:283,0
DA:284,0
DA:285,0
DA:286,0
DA:287,0
DA:288,0
DA:289,0
DA:290,0
DA:293,0
DA:294,0
DA:295,0
DA:297,0
DA:298,0
DA:299,0
DA:300,0
DA:301,0
DA:302,0
DA:303,0
DA:306,0
DA:309,0
DA:310,0
DA:311,0
DA:312,0
DA:313,0
DA:314,0
DA:317,0
DA:318,0
DA:322,0
DA:323,0
DA:324,0
DA:325,0
DA:326,0
DA:327,0
DA:328,0
DA:329,0
DA:335,0
DA:336,0
DA:337,0
DA:338,0
DA:339,0
DA:340,0
DA:341,0
DA:342,0
DA:347,0
DA:348,0
DA:349,0
DA:350,0
DA:351,0
DA:352,0
DA:353,0
DA:354,0
DA:355,0
DA:356,0
DA:357,0
DA:358,0
DA:359,0
DA:365,0
DA:366,0
DA:367,0
DA:368,0
DA:369,0
DA:370,0
DA:375,0
DA:379,0
DA:380,0
DA:381,0
DA:382,0
DA:383,0
DA:388,0
DA:391,0
DA:392,0
DA:393,0
DA:394,0
DA:395,0
DA:396,0
DA:397,0
DA:399,0
DA:400,0
DA:405,0
DA:406,0
DA:407,0
DA:408,0
DA:409,0
DA:411,0
DA:412,0
DA:414,0
DA:416,0
DA:417,0
DA:419,0
DA:420,0
DA:422,0
DA:426,12
DA:427,12
DA:428,12
DA:429,12
DA:430,12
DA:432,12
DA:433,12
DA:434,12
DA:435,6
DA:436,0
DA:439,12
DA:443,6
DA:446,2
DA:449,2
DA:452,2
DA:457,6
DA:460,2
DA:463,2
DA:466,2
LF:275
LH:45
BRDA:29,0,0,0
BRDA:29,0,1,0
BRDA:34,1,0,0
BRDA:34,1,1,0
BRDA:95,2,0,1
BRDA:95,2,1,0
BRDA:95,2,2,0
BRDA:95,2,3,0
BRDA:95,2,4,0
BRDA:95,2,5,0
BRDA:114,3,0,1
BRDA:114,3,1,0
BRDA:119,4,0,1
BRDA:119,4,1,0
BRDA:135,5,0,0
BRDA:135,5,1,0
BRDA:139,6,0,0
BRDA:139,6,1,0
BRDA:142,7,0,0
BRDA:142,7,1,0
BRDA:143,8,0,0
BRDA:143,8,1,0
BRDA:154,9,0,0
BRDA:154,9,1,0
BRDA:164,10,0,0
BRDA:164,10,1,0
BRDA:167,11,0,0
BRDA:167,11,1,0
BRDA:167,12,0,0
BRDA:167,12,1,0
BRDA:167,12,2,0
BRDA:171,13,0,0
BRDA:171,13,1,0
BRDA:182,14,0,0
BRDA:182,14,1,0
BRDA:182,15,0,0
BRDA:182,15,1,0
BRDA:182,15,2,0
BRDA:190,16,0,0
BRDA:190,16,1,0
BRDA:196,17,0,0
BRDA:196,17,1,0
BRDA:218,18,0,0
BRDA:218,18,1,0
BRDA:223,19,0,0
BRDA:223,19,1,0
BRDA:223,20,0,0
BRDA:223,20,1,0
BRDA:234,21,0,0
BRDA:234,21,1,0
BRDA:237,22,0,0
BRDA:237,22,1,0
BRDA:242,23,0,0
BRDA:242,23,1,0
BRDA:243,24,0,0
BRDA:243,24,1,0
BRDA:256,25,0,0
BRDA:256,25,1,0
BRDA:256,26,0,0
BRDA:256,26,1,0
BRDA:256,26,2,0
BRDA:259,27,0,0
BRDA:259,27,1,0
BRDA:259,28,0,0
BRDA:259,28,1,0
BRDA:259,28,2,0
BRDA:259,28,3,0
BRDA:269,29,0,0
BRDA:269,29,1,0
BRDA:283,30,0,0
BRDA:283,30,1,0
BRDA:283,31,0,0
BRDA:283,31,1,0
BRDA:286,32,0,0
BRDA:286,32,1,0
BRDA:288,33,0,0
BRDA:288,33,1,0
BRDA:301,34,0,0
BRDA:301,34,1,0
BRDA:301,35,0,0
BRDA:301,35,1,0
BRDA:306,36,0,0
BRDA:306,36,1,0
BRDA:309,37,0,0
BRDA:309,37,1,0
BRDA:322,38,0,0
BRDA:322,38,1,0
BRDA:324,39,0,0
BRDA:324,39,1,0
BRDA:335,40,0,0
BRDA:335,40,1,0
BRDA:335,41,0,0
BRDA:335,41,1,0
BRDA:338,42,0,0
BRDA:338,42,1,0
BRDA:340,43,0,0
BRDA:340,43,1,0
BRDA:347,44,0,0
BRDA:347,44,1,0
BRDA:354,45,0,0
BRDA:354,45,1,0
BRDA:354,46,0,0
BRDA:354,46,1,0
BRDA:355,47,0,0
BRDA:355,47,1,0
BRDA:357,48,0,0
BRDA:357,48,1,0
BRDA:365,49,0,0
BRDA:365,49,1,0
BRDA:382,50,0,0
BRDA:382,50,1,0
BRDA:393,51,0,0
BRDA:393,51,1,0
BRDA:411,52,0,0
BRDA:411,52,1,0
BRDA:411,53,0,0
BRDA:411,53,1,0
BRDA:412,54,0,0
BRDA:412,54,1,0
BRDA:412,55,0,0
BRDA:412,55,1,0
BRDA:434,56,0,6
BRDA:434,56,1,6
BRDA:435,57,0,0
BRDA:435,57,1,6
BRDA:435,58,0,6
BRDA:435,58,1,6
BRDA:435,58,2,0
BRDA:443,59,0,1
BRDA:443,59,1,2
BRDA:443,59,2,1
BRDA:443,59,3,2
BRDA:443,59,4,1
BRDA:443,59,5,2
BRDA:457,60,0,1
BRDA:457,60,1,2
BRDA:457,60,2,1
BRDA:457,60,3,2
BRDA:457,60,4,1
BRDA:457,60,5,2
BRF:140
BRH:20
end_of_record
TN:
SF:src\js\GameState.js
FN:2,(anonymous_0)
FN:11,(anonymous_1)
FNF:2
FNH:1
FNDA:9,(anonymous_0)
FNDA:0,(anonymous_1)
DA:3,9
DA:4,9
DA:5,9
DA:6,9
DA:7,9
DA:8,9
DA:12,0
DA:13,0
DA:14,0
DA:15,0
DA:16,0
DA:17,0
DA:18,0
DA:19,0
DA:20,0
LF:15
LH:6
BRDA:12,0,0,0
BRDA:12,0,1,0
BRF:2
BRH:0
end_of_record
TN:
SF:src\js\PositionedCharacter.js
FN:4,(anonymous_0)
FNF:1
FNH:1
FNDA:1,(anonymous_0)
DA:5,1
DA:6,0
DA:9,1
DA:10,0
DA:13,1
DA:14,1
LF:6
LH:4
BRDA:5,0,0,0
BRDA:5,0,1,1
BRDA:9,1,0,0
BRDA:9,1,1,1
BRF:4
BRH:2
end_of_record
TN:
SF:src\js\Team.js
FN:15,(anonymous_0)
FN:19,(anonymous_1)
FNF:2
FNH:0
FNDA:0,(anonymous_0)
FNDA:0,(anonymous_1)
DA:16,0
DA:20,0
LF:2
LH:0
BRF:0
BRH:0
end_of_record
TN:
SF:src\js\cursors.js
FNF:0
FNH:0
DA:1,1
LF:1
LH:1
BRF:0
BRH:0
end_of_record
TN:
SF:src\js\generators.js
FN:12,characterGenerator
FN:27,generateTeam
FNF:2
FNH:0
FNDA:0,characterGenerator
FNDA:0,generateTeam
DA:13,0
DA:14,0
DA:15,0
DA:16,0
DA:28,0
DA:29,0
DA:30,0
DA:31,0
DA:33,0
LF:9
LH:0
BRF:0
BRH:0
end_of_record
TN:
SF:src\js\themes.js
FN:1,themes
FNF:1
FNH:1
FNDA:1,themes
DA:2,1
DA:3,0
DA:4,1
DA:5,1
DA:6,0
DA:7,0
DA:8,0
LF:7
LH:3
BRDA:2,0,0,0
BRDA:2,0,1,1
BRDA:4,1,0,1
BRDA:4,1,1,0
BRDA:6,2,0,0
BRDA:6,2,1,0
BRF:6
BRH:2
end_of_record
TN:
SF:src\js\characters\Bowman.js
FN:4,(anonymous_0)
FNF:1
FNH:1
FNDA:2,(anonymous_0)
DA:5,2
DA:6,2
DA:7,2
LF:3
LH:3
BRF:0
BRH:0
end_of_record
TN:
SF:src\js\characters\Daemon.js
FN:4,(anonymous_0)
FNF:1
FNH:0
FNDA:0,(anonymous_0)
DA:5,0
DA:6,0
DA:7,0
LF:3
LH:0
BRF:0
BRH:0
end_of_record
TN:
SF:src\js\characters\Magician.js
FN:4,(anonymous_0)
FNF:1
FNH:0
FNDA:0,(anonymous_0)
DA:5,0
DA:6,0
DA:7,0
LF:3
LH:0
BRF:0
BRH:0
end_of_record
TN:
SF:src\js\characters\Swordsman.js
FN:4,(anonymous_0)
FNF:1
FNH:0
FNDA:0,(anonymous_0)
DA:5,0
DA:6,0
DA:7,0
LF:3
LH:0
BRF:0
BRH:0
end_of_record
TN:
SF:src\js\characters\Undead.js
FN:4,(anonymous_0)
FNF:1
FNH:0
FNDA:0,(anonymous_0)
DA:5,0
DA:6,0
DA:7,0
LF:3
LH:0
BRF:0
BRH:0
end_of_record
TN:
SF:src\js\characters\Vampire.js
FN:4,(anonymous_0)
FNF:1
FNH:0
FNDA:0,(anonymous_0)
DA:5,0
DA:6,0
DA:7,0
LF:3
LH:0
BRF:0
BRH:0
end_of_record
